<?xml version="1.0" encoding="UTF-8"?>
<testExecutions version="1">
  <file path="D:\Cognizant\Projet_Miam\miam\frontend\src\app\layout\app-body\app-body.component.spec.ts">
    <testCase name="AppBodyComponent should create" duration="2">
      <failure message="Error: zone-testing.js is needed for the fakeAsync() test helper but could not be found."><![CDATA[Error: zone-testing.js is needed for the fakeAsync() test helper but could not be found.
        Please make sure that your environment includes zone.js/testing
    at resetFakeAsyncZone (D:\Cognizant\Projet_Miam\miam\packages\core\testing\src\fake_async.ts:25:9)
    at Object.<anonymous> (D:\Cognizant\Projet_Miam\miam\packages\core\testing\src\test_hooks.ts:39:7)
    at Promise.then.completed (D:\Cognizant\Projet_Miam\miam\frontend\node_modules\jest-circus\build\utils.js:390:28)
    at new Promise (<anonymous>)
    at callAsyncCircusFn (D:\Cognizant\Projet_Miam\miam\frontend\node_modules\jest-circus\build\utils.js:315:10)
    at _callCircusHook (D:\Cognizant\Projet_Miam\miam\frontend\node_modules\jest-circus\build\run.js:181:40)
    at processTicksAndRejections (internal/process/task_queues.js:97:5)
    at _runTest (D:\Cognizant\Projet_Miam\miam\frontend\node_modules\jest-circus\build\run.js:148:5)
    at _runTestsForDescribeBlock (D:\Cognizant\Projet_Miam\miam\frontend\node_modules\jest-circus\build\run.js:66:9)
    at _runTestsForDescribeBlock (D:\Cognizant\Projet_Miam\miam\frontend\node_modules\jest-circus\build\run.js:60:9)
    at run (D:\Cognizant\Projet_Miam\miam\frontend\node_modules\jest-circus\build\run.js:25:3)
    at runAndTransformResultsToJestFormat (D:\Cognizant\Projet_Miam\miam\frontend\node_modules\jest-circus\build\legacy-code-todo-rewrite\jestAdapterInit.js:166:21)
    at jestAdapter (D:\Cognizant\Projet_Miam\miam\frontend\node_modules\jest-circus\build\legacy-code-todo-rewrite\jestAdapter.js:82:19)
    at runTestInternal (D:\Cognizant\Projet_Miam\miam\frontend\node_modules\jest-runner\build\runTest.js:389:16)
    at runTest (D:\Cognizant\Projet_Miam\miam\frontend\node_modules\jest-runner\build\runTest.js:481:34)
    at Object.worker (D:\Cognizant\Projet_Miam\miam\frontend\node_modules\jest-runner\build\testWorker.js:133:12)]]></failure>
    </testCase>
  </file>
  <file path="D:\Cognizant\Projet_Miam\miam\frontend\src\app\recipe\recipe\recipe.component.spec.ts">
    <testCase name="RecipeComponent should create" duration="1">
      <failure message="Error: zone-testing.js is needed for the fakeAsync() test helper but could not be found."><![CDATA[Error: zone-testing.js is needed for the fakeAsync() test helper but could not be found.
        Please make sure that your environment includes zone.js/testing
    at resetFakeAsyncZone (D:\Cognizant\Projet_Miam\miam\packages\core\testing\src\fake_async.ts:25:9)
    at Object.<anonymous> (D:\Cognizant\Projet_Miam\miam\packages\core\testing\src\test_hooks.ts:39:7)
    at Promise.then.completed (D:\Cognizant\Projet_Miam\miam\frontend\node_modules\jest-circus\build\utils.js:390:28)
    at new Promise (<anonymous>)
    at callAsyncCircusFn (D:\Cognizant\Projet_Miam\miam\frontend\node_modules\jest-circus\build\utils.js:315:10)
    at _callCircusHook (D:\Cognizant\Projet_Miam\miam\frontend\node_modules\jest-circus\build\run.js:181:40)
    at processTicksAndRejections (internal/process/task_queues.js:97:5)
    at _runTest (D:\Cognizant\Projet_Miam\miam\frontend\node_modules\jest-circus\build\run.js:148:5)
    at _runTestsForDescribeBlock (D:\Cognizant\Projet_Miam\miam\frontend\node_modules\jest-circus\build\run.js:66:9)
    at _runTestsForDescribeBlock (D:\Cognizant\Projet_Miam\miam\frontend\node_modules\jest-circus\build\run.js:60:9)
    at run (D:\Cognizant\Projet_Miam\miam\frontend\node_modules\jest-circus\build\run.js:25:3)
    at runAndTransformResultsToJestFormat (D:\Cognizant\Projet_Miam\miam\frontend\node_modules\jest-circus\build\legacy-code-todo-rewrite\jestAdapterInit.js:166:21)
    at jestAdapter (D:\Cognizant\Projet_Miam\miam\frontend\node_modules\jest-circus\build\legacy-code-todo-rewrite\jestAdapter.js:82:19)
    at runTestInternal (D:\Cognizant\Projet_Miam\miam\frontend\node_modules\jest-runner\build\runTest.js:389:16)
    at runTest (D:\Cognizant\Projet_Miam\miam\frontend\node_modules\jest-runner\build\runTest.js:481:34)
    at Object.worker (D:\Cognizant\Projet_Miam\miam\frontend\node_modules\jest-runner\build\testWorker.js:133:12)]]></failure>
    </testCase>
  </file>
  <file path="D:\Cognizant\Projet_Miam\miam\frontend\src\app\layout\app-toolbar\app-toolbar.component.spec.ts">
    <testCase name="AppToolbarComponent should create" duration="2">
      <failure message="Error: zone-testing.js is needed for the fakeAsync() test helper but could not be found."><![CDATA[Error: zone-testing.js is needed for the fakeAsync() test helper but could not be found.
        Please make sure that your environment includes zone.js/testing
    at resetFakeAsyncZone (D:\Cognizant\Projet_Miam\miam\packages\core\testing\src\fake_async.ts:25:9)
    at Object.<anonymous> (D:\Cognizant\Projet_Miam\miam\packages\core\testing\src\test_hooks.ts:39:7)
    at Promise.then.completed (D:\Cognizant\Projet_Miam\miam\frontend\node_modules\jest-circus\build\utils.js:390:28)
    at new Promise (<anonymous>)
    at callAsyncCircusFn (D:\Cognizant\Projet_Miam\miam\frontend\node_modules\jest-circus\build\utils.js:315:10)
    at _callCircusHook (D:\Cognizant\Projet_Miam\miam\frontend\node_modules\jest-circus\build\run.js:181:40)
    at processTicksAndRejections (internal/process/task_queues.js:97:5)
    at _runTest (D:\Cognizant\Projet_Miam\miam\frontend\node_modules\jest-circus\build\run.js:148:5)
    at _runTestsForDescribeBlock (D:\Cognizant\Projet_Miam\miam\frontend\node_modules\jest-circus\build\run.js:66:9)
    at _runTestsForDescribeBlock (D:\Cognizant\Projet_Miam\miam\frontend\node_modules\jest-circus\build\run.js:60:9)
    at run (D:\Cognizant\Projet_Miam\miam\frontend\node_modules\jest-circus\build\run.js:25:3)
    at runAndTransformResultsToJestFormat (D:\Cognizant\Projet_Miam\miam\frontend\node_modules\jest-circus\build\legacy-code-todo-rewrite\jestAdapterInit.js:166:21)
    at jestAdapter (D:\Cognizant\Projet_Miam\miam\frontend\node_modules\jest-circus\build\legacy-code-todo-rewrite\jestAdapter.js:82:19)
    at runTestInternal (D:\Cognizant\Projet_Miam\miam\frontend\node_modules\jest-runner\build\runTest.js:389:16)
    at runTest (D:\Cognizant\Projet_Miam\miam\frontend\node_modules\jest-runner\build\runTest.js:481:34)
    at Object.worker (D:\Cognizant\Projet_Miam\miam\frontend\node_modules\jest-runner\build\testWorker.js:133:12)]]></failure>
    </testCase>
  </file>
  <file path="D:\Cognizant\Projet_Miam\miam\frontend\src\app\layout\header-menu\header-menu.component.spec.ts">
    <testCase name="HeaderMenuComponent should create" duration="2">
      <failure message="Error: zone-testing.js is needed for the fakeAsync() test helper but could not be found."><![CDATA[Error: zone-testing.js is needed for the fakeAsync() test helper but could not be found.
        Please make sure that your environment includes zone.js/testing
    at resetFakeAsyncZone (D:\Cognizant\Projet_Miam\miam\packages\core\testing\src\fake_async.ts:25:9)
    at Object.<anonymous> (D:\Cognizant\Projet_Miam\miam\packages\core\testing\src\test_hooks.ts:39:7)
    at Promise.then.completed (D:\Cognizant\Projet_Miam\miam\frontend\node_modules\jest-circus\build\utils.js:390:28)
    at new Promise (<anonymous>)
    at callAsyncCircusFn (D:\Cognizant\Projet_Miam\miam\frontend\node_modules\jest-circus\build\utils.js:315:10)
    at _callCircusHook (D:\Cognizant\Projet_Miam\miam\frontend\node_modules\jest-circus\build\run.js:181:40)
    at processTicksAndRejections (internal/process/task_queues.js:97:5)
    at _runTest (D:\Cognizant\Projet_Miam\miam\frontend\node_modules\jest-circus\build\run.js:148:5)
    at _runTestsForDescribeBlock (D:\Cognizant\Projet_Miam\miam\frontend\node_modules\jest-circus\build\run.js:66:9)
    at _runTestsForDescribeBlock (D:\Cognizant\Projet_Miam\miam\frontend\node_modules\jest-circus\build\run.js:60:9)
    at run (D:\Cognizant\Projet_Miam\miam\frontend\node_modules\jest-circus\build\run.js:25:3)
    at runAndTransformResultsToJestFormat (D:\Cognizant\Projet_Miam\miam\frontend\node_modules\jest-circus\build\legacy-code-todo-rewrite\jestAdapterInit.js:166:21)
    at jestAdapter (D:\Cognizant\Projet_Miam\miam\frontend\node_modules\jest-circus\build\legacy-code-todo-rewrite\jestAdapter.js:82:19)
    at runTestInternal (D:\Cognizant\Projet_Miam\miam\frontend\node_modules\jest-runner\build\runTest.js:389:16)
    at runTest (D:\Cognizant\Projet_Miam\miam\frontend\node_modules\jest-runner\build\runTest.js:481:34)
    at Object.worker (D:\Cognizant\Projet_Miam\miam\frontend\node_modules\jest-runner\build\testWorker.js:133:12)]]></failure>
    </testCase>
  </file>
  <file path="D:\Cognizant\Projet_Miam\miam\frontend\src\app\recipe\recipe-service.service.spec.ts">
    <testCase name="recipeServiceService should be created" duration="3">
      <failure message="Error: zone-testing.js is needed for the fakeAsync() test helper but could not be found."><![CDATA[Error: zone-testing.js is needed for the fakeAsync() test helper but could not be found.
        Please make sure that your environment includes zone.js/testing
    at resetFakeAsyncZone (D:\Cognizant\Projet_Miam\miam\packages\core\testing\src\fake_async.ts:25:9)
    at Object.<anonymous> (D:\Cognizant\Projet_Miam\miam\packages\core\testing\src\test_hooks.ts:39:7)
    at Promise.then.completed (D:\Cognizant\Projet_Miam\miam\frontend\node_modules\jest-circus\build\utils.js:390:28)
    at new Promise (<anonymous>)
    at callAsyncCircusFn (D:\Cognizant\Projet_Miam\miam\frontend\node_modules\jest-circus\build\utils.js:315:10)
    at _callCircusHook (D:\Cognizant\Projet_Miam\miam\frontend\node_modules\jest-circus\build\run.js:181:40)
    at processTicksAndRejections (internal/process/task_queues.js:97:5)
    at _runTest (D:\Cognizant\Projet_Miam\miam\frontend\node_modules\jest-circus\build\run.js:148:5)
    at _runTestsForDescribeBlock (D:\Cognizant\Projet_Miam\miam\frontend\node_modules\jest-circus\build\run.js:66:9)
    at _runTestsForDescribeBlock (D:\Cognizant\Projet_Miam\miam\frontend\node_modules\jest-circus\build\run.js:60:9)
    at run (D:\Cognizant\Projet_Miam\miam\frontend\node_modules\jest-circus\build\run.js:25:3)
    at runAndTransformResultsToJestFormat (D:\Cognizant\Projet_Miam\miam\frontend\node_modules\jest-circus\build\legacy-code-todo-rewrite\jestAdapterInit.js:166:21)
    at jestAdapter (D:\Cognizant\Projet_Miam\miam\frontend\node_modules\jest-circus\build\legacy-code-todo-rewrite\jestAdapter.js:82:19)
    at runTestInternal (D:\Cognizant\Projet_Miam\miam\frontend\node_modules\jest-runner\build\runTest.js:389:16)
    at runTest (D:\Cognizant\Projet_Miam\miam\frontend\node_modules\jest-runner\build\runTest.js:481:34)
    at Object.worker (D:\Cognizant\Projet_Miam\miam\frontend\node_modules\jest-runner\build\testWorker.js:133:12)]]></failure>
    </testCase>
  </file>
  <file path="D:\Cognizant\Projet_Miam\miam\frontend\src\app\global\alert\alert.component.spec.ts">
    <testCase name="AlertComponent should create" duration="0">
      <failure message="Error: zone-testing.js is needed for the fakeAsync() test helper but could not be found."><![CDATA[Error: zone-testing.js is needed for the fakeAsync() test helper but could not be found.
        Please make sure that your environment includes zone.js/testing
    at resetFakeAsyncZone (D:\Cognizant\Projet_Miam\miam\packages\core\testing\src\fake_async.ts:25:9)
    at Object.<anonymous> (D:\Cognizant\Projet_Miam\miam\packages\core\testing\src\test_hooks.ts:39:7)
    at Promise.then.completed (D:\Cognizant\Projet_Miam\miam\frontend\node_modules\jest-circus\build\utils.js:390:28)
    at new Promise (<anonymous>)
    at callAsyncCircusFn (D:\Cognizant\Projet_Miam\miam\frontend\node_modules\jest-circus\build\utils.js:315:10)
    at _callCircusHook (D:\Cognizant\Projet_Miam\miam\frontend\node_modules\jest-circus\build\run.js:181:40)
    at processTicksAndRejections (internal/process/task_queues.js:97:5)
    at _runTest (D:\Cognizant\Projet_Miam\miam\frontend\node_modules\jest-circus\build\run.js:148:5)
    at _runTestsForDescribeBlock (D:\Cognizant\Projet_Miam\miam\frontend\node_modules\jest-circus\build\run.js:66:9)
    at _runTestsForDescribeBlock (D:\Cognizant\Projet_Miam\miam\frontend\node_modules\jest-circus\build\run.js:60:9)
    at run (D:\Cognizant\Projet_Miam\miam\frontend\node_modules\jest-circus\build\run.js:25:3)
    at runAndTransformResultsToJestFormat (D:\Cognizant\Projet_Miam\miam\frontend\node_modules\jest-circus\build\legacy-code-todo-rewrite\jestAdapterInit.js:166:21)
    at jestAdapter (D:\Cognizant\Projet_Miam\miam\frontend\node_modules\jest-circus\build\legacy-code-todo-rewrite\jestAdapter.js:82:19)
    at runTestInternal (D:\Cognizant\Projet_Miam\miam\frontend\node_modules\jest-runner\build\runTest.js:389:16)
    at runTest (D:\Cognizant\Projet_Miam\miam\frontend\node_modules\jest-runner\build\runTest.js:481:34)
    at Object.worker (D:\Cognizant\Projet_Miam\miam\frontend\node_modules\jest-runner\build\testWorker.js:133:12)]]></failure>
    </testCase>
  </file>
  <file path="D:\Cognizant\Projet_Miam\miam\frontend\src\app\recipe\recipe-page\recipe-page.component.spec.ts">
    <testCase name="RecipePageComponent should create" duration="0">
      <failure message="Error: zone-testing.js is needed for the fakeAsync() test helper but could not be found."><![CDATA[Error: zone-testing.js is needed for the fakeAsync() test helper but could not be found.
        Please make sure that your environment includes zone.js/testing
    at resetFakeAsyncZone (D:\Cognizant\Projet_Miam\miam\packages\core\testing\src\fake_async.ts:25:9)
    at Object.<anonymous> (D:\Cognizant\Projet_Miam\miam\packages\core\testing\src\test_hooks.ts:39:7)
    at Promise.then.completed (D:\Cognizant\Projet_Miam\miam\frontend\node_modules\jest-circus\build\utils.js:390:28)
    at new Promise (<anonymous>)
    at callAsyncCircusFn (D:\Cognizant\Projet_Miam\miam\frontend\node_modules\jest-circus\build\utils.js:315:10)
    at _callCircusHook (D:\Cognizant\Projet_Miam\miam\frontend\node_modules\jest-circus\build\run.js:181:40)
    at processTicksAndRejections (internal/process/task_queues.js:97:5)
    at _runTest (D:\Cognizant\Projet_Miam\miam\frontend\node_modules\jest-circus\build\run.js:148:5)
    at _runTestsForDescribeBlock (D:\Cognizant\Projet_Miam\miam\frontend\node_modules\jest-circus\build\run.js:66:9)
    at _runTestsForDescribeBlock (D:\Cognizant\Projet_Miam\miam\frontend\node_modules\jest-circus\build\run.js:60:9)
    at run (D:\Cognizant\Projet_Miam\miam\frontend\node_modules\jest-circus\build\run.js:25:3)
    at runAndTransformResultsToJestFormat (D:\Cognizant\Projet_Miam\miam\frontend\node_modules\jest-circus\build\legacy-code-todo-rewrite\jestAdapterInit.js:166:21)
    at jestAdapter (D:\Cognizant\Projet_Miam\miam\frontend\node_modules\jest-circus\build\legacy-code-todo-rewrite\jestAdapter.js:82:19)
    at runTestInternal (D:\Cognizant\Projet_Miam\miam\frontend\node_modules\jest-runner\build\runTest.js:389:16)
    at runTest (D:\Cognizant\Projet_Miam\miam\frontend\node_modules\jest-runner\build\runTest.js:481:34)
    at Object.worker (D:\Cognizant\Projet_Miam\miam\frontend\node_modules\jest-runner\build\testWorker.js:133:12)]]></failure>
    </testCase>
  </file>
  <file path="D:\Cognizant\Projet_Miam\miam\frontend\src\app\global\card-menu\card-menu.component.spec.ts">
    <testCase name="CardMenuComponent should create" duration="0">
      <failure message="Error: zone-testing.js is needed for the fakeAsync() test helper but could not be found."><![CDATA[Error: zone-testing.js is needed for the fakeAsync() test helper but could not be found.
        Please make sure that your environment includes zone.js/testing
    at resetFakeAsyncZone (D:\Cognizant\Projet_Miam\miam\packages\core\testing\src\fake_async.ts:25:9)
    at Object.<anonymous> (D:\Cognizant\Projet_Miam\miam\packages\core\testing\src\test_hooks.ts:39:7)
    at Promise.then.completed (D:\Cognizant\Projet_Miam\miam\frontend\node_modules\jest-circus\build\utils.js:390:28)
    at new Promise (<anonymous>)
    at callAsyncCircusFn (D:\Cognizant\Projet_Miam\miam\frontend\node_modules\jest-circus\build\utils.js:315:10)
    at _callCircusHook (D:\Cognizant\Projet_Miam\miam\frontend\node_modules\jest-circus\build\run.js:181:40)
    at processTicksAndRejections (internal/process/task_queues.js:97:5)
    at _runTest (D:\Cognizant\Projet_Miam\miam\frontend\node_modules\jest-circus\build\run.js:148:5)
    at _runTestsForDescribeBlock (D:\Cognizant\Projet_Miam\miam\frontend\node_modules\jest-circus\build\run.js:66:9)
    at _runTestsForDescribeBlock (D:\Cognizant\Projet_Miam\miam\frontend\node_modules\jest-circus\build\run.js:60:9)
    at run (D:\Cognizant\Projet_Miam\miam\frontend\node_modules\jest-circus\build\run.js:25:3)
    at runAndTransformResultsToJestFormat (D:\Cognizant\Projet_Miam\miam\frontend\node_modules\jest-circus\build\legacy-code-todo-rewrite\jestAdapterInit.js:166:21)
    at jestAdapter (D:\Cognizant\Projet_Miam\miam\frontend\node_modules\jest-circus\build\legacy-code-todo-rewrite\jestAdapter.js:82:19)
    at runTestInternal (D:\Cognizant\Projet_Miam\miam\frontend\node_modules\jest-runner\build\runTest.js:389:16)
    at runTest (D:\Cognizant\Projet_Miam\miam\frontend\node_modules\jest-runner\build\runTest.js:481:34)
    at Object.worker (D:\Cognizant\Projet_Miam\miam\frontend\node_modules\jest-runner\build\testWorker.js:133:12)]]></failure>
    </testCase>
  </file>
  <file path="D:\Cognizant\Projet_Miam\miam\frontend\src\app\global\dialog-box\dialog-box.component.spec.ts">
    <testCase name="DialogBoxComponent should create" duration="0">
      <failure message="Error: zone-testing.js is needed for the fakeAsync() test helper but could not be found."><![CDATA[Error: zone-testing.js is needed for the fakeAsync() test helper but could not be found.
        Please make sure that your environment includes zone.js/testing
    at resetFakeAsyncZone (D:\Cognizant\Projet_Miam\miam\packages\core\testing\src\fake_async.ts:25:9)
    at Object.<anonymous> (D:\Cognizant\Projet_Miam\miam\packages\core\testing\src\test_hooks.ts:39:7)
    at Promise.then.completed (D:\Cognizant\Projet_Miam\miam\frontend\node_modules\jest-circus\build\utils.js:390:28)
    at new Promise (<anonymous>)
    at callAsyncCircusFn (D:\Cognizant\Projet_Miam\miam\frontend\node_modules\jest-circus\build\utils.js:315:10)
    at _callCircusHook (D:\Cognizant\Projet_Miam\miam\frontend\node_modules\jest-circus\build\run.js:181:40)
    at processTicksAndRejections (internal/process/task_queues.js:97:5)
    at _runTest (D:\Cognizant\Projet_Miam\miam\frontend\node_modules\jest-circus\build\run.js:148:5)
    at _runTestsForDescribeBlock (D:\Cognizant\Projet_Miam\miam\frontend\node_modules\jest-circus\build\run.js:66:9)
    at _runTestsForDescribeBlock (D:\Cognizant\Projet_Miam\miam\frontend\node_modules\jest-circus\build\run.js:60:9)
    at run (D:\Cognizant\Projet_Miam\miam\frontend\node_modules\jest-circus\build\run.js:25:3)
    at runAndTransformResultsToJestFormat (D:\Cognizant\Projet_Miam\miam\frontend\node_modules\jest-circus\build\legacy-code-todo-rewrite\jestAdapterInit.js:166:21)
    at jestAdapter (D:\Cognizant\Projet_Miam\miam\frontend\node_modules\jest-circus\build\legacy-code-todo-rewrite\jestAdapter.js:82:19)
    at runTestInternal (D:\Cognizant\Projet_Miam\miam\frontend\node_modules\jest-runner\build\runTest.js:389:16)
    at runTest (D:\Cognizant\Projet_Miam\miam\frontend\node_modules\jest-runner\build\runTest.js:481:34)
    at Object.worker (D:\Cognizant\Projet_Miam\miam\frontend\node_modules\jest-runner\build\testWorker.js:133:12)]]></failure>
    </testCase>
  </file>
  <file path="D:\Cognizant\Projet_Miam\miam\frontend\src\app\global\error-input\error-input.component.spec.ts">
    <testCase name="ErrorInputComponent should create" duration="1">
      <failure message="Error: zone-testing.js is needed for the fakeAsync() test helper but could not be found."><![CDATA[Error: zone-testing.js is needed for the fakeAsync() test helper but could not be found.
        Please make sure that your environment includes zone.js/testing
    at resetFakeAsyncZone (D:\Cognizant\Projet_Miam\miam\packages\core\testing\src\fake_async.ts:25:9)
    at Object.<anonymous> (D:\Cognizant\Projet_Miam\miam\packages\core\testing\src\test_hooks.ts:39:7)
    at Promise.then.completed (D:\Cognizant\Projet_Miam\miam\frontend\node_modules\jest-circus\build\utils.js:390:28)
    at new Promise (<anonymous>)
    at callAsyncCircusFn (D:\Cognizant\Projet_Miam\miam\frontend\node_modules\jest-circus\build\utils.js:315:10)
    at _callCircusHook (D:\Cognizant\Projet_Miam\miam\frontend\node_modules\jest-circus\build\run.js:181:40)
    at processTicksAndRejections (internal/process/task_queues.js:97:5)
    at _runTest (D:\Cognizant\Projet_Miam\miam\frontend\node_modules\jest-circus\build\run.js:148:5)
    at _runTestsForDescribeBlock (D:\Cognizant\Projet_Miam\miam\frontend\node_modules\jest-circus\build\run.js:66:9)
    at _runTestsForDescribeBlock (D:\Cognizant\Projet_Miam\miam\frontend\node_modules\jest-circus\build\run.js:60:9)
    at run (D:\Cognizant\Projet_Miam\miam\frontend\node_modules\jest-circus\build\run.js:25:3)
    at runAndTransformResultsToJestFormat (D:\Cognizant\Projet_Miam\miam\frontend\node_modules\jest-circus\build\legacy-code-todo-rewrite\jestAdapterInit.js:166:21)
    at jestAdapter (D:\Cognizant\Projet_Miam\miam\frontend\node_modules\jest-circus\build\legacy-code-todo-rewrite\jestAdapter.js:82:19)
    at runTestInternal (D:\Cognizant\Projet_Miam\miam\frontend\node_modules\jest-runner\build\runTest.js:389:16)
    at runTest (D:\Cognizant\Projet_Miam\miam\frontend\node_modules\jest-runner\build\runTest.js:481:34)
    at Object.worker (D:\Cognizant\Projet_Miam\miam\frontend\node_modules\jest-runner\build\testWorker.js:133:12)]]></failure>
    </testCase>
  </file>
  <file path="D:\Cognizant\Projet_Miam\miam\frontend\src\app\ingredient\ingredient\ingredient.component.spec.ts">
    <testCase name="IngredientComponent should create" duration="6">
      <failure message="Error: zone-testing.js is needed for the fakeAsync() test helper but could not be found."><![CDATA[Error: zone-testing.js is needed for the fakeAsync() test helper but could not be found.
        Please make sure that your environment includes zone.js/testing
    at resetFakeAsyncZone (D:\Cognizant\Projet_Miam\miam\packages\core\testing\src\fake_async.ts:25:9)
    at Object.<anonymous> (D:\Cognizant\Projet_Miam\miam\packages\core\testing\src\test_hooks.ts:39:7)
    at Promise.then.completed (D:\Cognizant\Projet_Miam\miam\frontend\node_modules\jest-circus\build\utils.js:390:28)
    at new Promise (<anonymous>)
    at callAsyncCircusFn (D:\Cognizant\Projet_Miam\miam\frontend\node_modules\jest-circus\build\utils.js:315:10)
    at _callCircusHook (D:\Cognizant\Projet_Miam\miam\frontend\node_modules\jest-circus\build\run.js:181:40)
    at processTicksAndRejections (internal/process/task_queues.js:97:5)
    at _runTest (D:\Cognizant\Projet_Miam\miam\frontend\node_modules\jest-circus\build\run.js:148:5)
    at _runTestsForDescribeBlock (D:\Cognizant\Projet_Miam\miam\frontend\node_modules\jest-circus\build\run.js:66:9)
    at _runTestsForDescribeBlock (D:\Cognizant\Projet_Miam\miam\frontend\node_modules\jest-circus\build\run.js:60:9)
    at run (D:\Cognizant\Projet_Miam\miam\frontend\node_modules\jest-circus\build\run.js:25:3)
    at runAndTransformResultsToJestFormat (D:\Cognizant\Projet_Miam\miam\frontend\node_modules\jest-circus\build\legacy-code-todo-rewrite\jestAdapterInit.js:166:21)
    at jestAdapter (D:\Cognizant\Projet_Miam\miam\frontend\node_modules\jest-circus\build\legacy-code-todo-rewrite\jestAdapter.js:82:19)
    at runTestInternal (D:\Cognizant\Projet_Miam\miam\frontend\node_modules\jest-runner\build\runTest.js:389:16)
    at runTest (D:\Cognizant\Projet_Miam\miam\frontend\node_modules\jest-runner\build\runTest.js:481:34)
    at Object.worker (D:\Cognizant\Projet_Miam\miam\frontend\node_modules\jest-runner\build\testWorker.js:133:12)]]></failure>
    </testCase>
  </file>
  <file path="D:\Cognizant\Projet_Miam\miam\frontend\src\app\ingredient\ingredient-service.service.spec.ts">
    <testCase name="IngredientServiceService should be created" duration="0">
      <failure message="Error: zone-testing.js is needed for the fakeAsync() test helper but could not be found."><![CDATA[Error: zone-testing.js is needed for the fakeAsync() test helper but could not be found.
        Please make sure that your environment includes zone.js/testing
    at resetFakeAsyncZone (D:\Cognizant\Projet_Miam\miam\packages\core\testing\src\fake_async.ts:25:9)
    at Object.<anonymous> (D:\Cognizant\Projet_Miam\miam\packages\core\testing\src\test_hooks.ts:39:7)
    at Promise.then.completed (D:\Cognizant\Projet_Miam\miam\frontend\node_modules\jest-circus\build\utils.js:390:28)
    at new Promise (<anonymous>)
    at callAsyncCircusFn (D:\Cognizant\Projet_Miam\miam\frontend\node_modules\jest-circus\build\utils.js:315:10)
    at _callCircusHook (D:\Cognizant\Projet_Miam\miam\frontend\node_modules\jest-circus\build\run.js:181:40)
    at processTicksAndRejections (internal/process/task_queues.js:97:5)
    at _runTest (D:\Cognizant\Projet_Miam\miam\frontend\node_modules\jest-circus\build\run.js:148:5)
    at _runTestsForDescribeBlock (D:\Cognizant\Projet_Miam\miam\frontend\node_modules\jest-circus\build\run.js:66:9)
    at _runTestsForDescribeBlock (D:\Cognizant\Projet_Miam\miam\frontend\node_modules\jest-circus\build\run.js:60:9)
    at run (D:\Cognizant\Projet_Miam\miam\frontend\node_modules\jest-circus\build\run.js:25:3)
    at runAndTransformResultsToJestFormat (D:\Cognizant\Projet_Miam\miam\frontend\node_modules\jest-circus\build\legacy-code-todo-rewrite\jestAdapterInit.js:166:21)
    at jestAdapter (D:\Cognizant\Projet_Miam\miam\frontend\node_modules\jest-circus\build\legacy-code-todo-rewrite\jestAdapter.js:82:19)
    at runTestInternal (D:\Cognizant\Projet_Miam\miam\frontend\node_modules\jest-runner\build\runTest.js:389:16)
    at runTest (D:\Cognizant\Projet_Miam\miam\frontend\node_modules\jest-runner\build\runTest.js:481:34)
    at Object.worker (D:\Cognizant\Projet_Miam\miam\frontend\node_modules\jest-runner\build\testWorker.js:133:12)]]></failure>
    </testCase>
  </file>
  <file path="D:\Cognizant\Projet_Miam\miam\frontend\src\app\global\dropdown-form\dropdown-form.component.spec.ts">
    <testCase name="DropdownFormComponent should create" duration="0">
      <failure message="Error: zone-testing.js is needed for the fakeAsync() test helper but could not be found."><![CDATA[Error: zone-testing.js is needed for the fakeAsync() test helper but could not be found.
        Please make sure that your environment includes zone.js/testing
    at resetFakeAsyncZone (D:\Cognizant\Projet_Miam\miam\packages\core\testing\src\fake_async.ts:25:9)
    at Object.<anonymous> (D:\Cognizant\Projet_Miam\miam\packages\core\testing\src\test_hooks.ts:39:7)
    at Promise.then.completed (D:\Cognizant\Projet_Miam\miam\frontend\node_modules\jest-circus\build\utils.js:390:28)
    at new Promise (<anonymous>)
    at callAsyncCircusFn (D:\Cognizant\Projet_Miam\miam\frontend\node_modules\jest-circus\build\utils.js:315:10)
    at _callCircusHook (D:\Cognizant\Projet_Miam\miam\frontend\node_modules\jest-circus\build\run.js:181:40)
    at processTicksAndRejections (internal/process/task_queues.js:97:5)
    at _runTest (D:\Cognizant\Projet_Miam\miam\frontend\node_modules\jest-circus\build\run.js:148:5)
    at _runTestsForDescribeBlock (D:\Cognizant\Projet_Miam\miam\frontend\node_modules\jest-circus\build\run.js:66:9)
    at _runTestsForDescribeBlock (D:\Cognizant\Projet_Miam\miam\frontend\node_modules\jest-circus\build\run.js:60:9)
    at run (D:\Cognizant\Projet_Miam\miam\frontend\node_modules\jest-circus\build\run.js:25:3)
    at runAndTransformResultsToJestFormat (D:\Cognizant\Projet_Miam\miam\frontend\node_modules\jest-circus\build\legacy-code-todo-rewrite\jestAdapterInit.js:166:21)
    at jestAdapter (D:\Cognizant\Projet_Miam\miam\frontend\node_modules\jest-circus\build\legacy-code-todo-rewrite\jestAdapter.js:82:19)
    at runTestInternal (D:\Cognizant\Projet_Miam\miam\frontend\node_modules\jest-runner\build\runTest.js:389:16)
    at runTest (D:\Cognizant\Projet_Miam\miam\frontend\node_modules\jest-runner\build\runTest.js:481:34)
    at Object.worker (D:\Cognizant\Projet_Miam\miam\frontend\node_modules\jest-runner\build\testWorker.js:133:12)]]></failure>
    </testCase>
  </file>
  <file path="D:\Cognizant\Projet_Miam\miam\frontend\src\app\app.component.spec.ts">
    <testCase name="1st tests true is true" duration="2"/>
  </file>
  <file path="D:\Cognizant\Projet_Miam\miam\frontend\src\app\global\image-uploader\image-uploader.component.spec.ts">
    <testCase name="ImageUploaderComponent should create" duration="15">
      <failure message="Error: zone-testing.js is needed for the fakeAsync() test helper but could not be found."><![CDATA[Error: zone-testing.js is needed for the fakeAsync() test helper but could not be found.
        Please make sure that your environment includes zone.js/testing
    at resetFakeAsyncZone (D:\Cognizant\Projet_Miam\miam\packages\core\testing\src\fake_async.ts:25:9)
    at Object.<anonymous> (D:\Cognizant\Projet_Miam\miam\packages\core\testing\src\test_hooks.ts:39:7)
    at Promise.then.completed (D:\Cognizant\Projet_Miam\miam\frontend\node_modules\jest-circus\build\utils.js:390:28)
    at new Promise (<anonymous>)
    at callAsyncCircusFn (D:\Cognizant\Projet_Miam\miam\frontend\node_modules\jest-circus\build\utils.js:315:10)
    at _callCircusHook (D:\Cognizant\Projet_Miam\miam\frontend\node_modules\jest-circus\build\run.js:181:40)
    at processTicksAndRejections (internal/process/task_queues.js:97:5)
    at _runTest (D:\Cognizant\Projet_Miam\miam\frontend\node_modules\jest-circus\build\run.js:148:5)
    at _runTestsForDescribeBlock (D:\Cognizant\Projet_Miam\miam\frontend\node_modules\jest-circus\build\run.js:66:9)
    at _runTestsForDescribeBlock (D:\Cognizant\Projet_Miam\miam\frontend\node_modules\jest-circus\build\run.js:60:9)
    at run (D:\Cognizant\Projet_Miam\miam\frontend\node_modules\jest-circus\build\run.js:25:3)
    at runAndTransformResultsToJestFormat (D:\Cognizant\Projet_Miam\miam\frontend\node_modules\jest-circus\build\legacy-code-todo-rewrite\jestAdapterInit.js:166:21)
    at jestAdapter (D:\Cognizant\Projet_Miam\miam\frontend\node_modules\jest-circus\build\legacy-code-todo-rewrite\jestAdapter.js:82:19)
    at runTestInternal (D:\Cognizant\Projet_Miam\miam\frontend\node_modules\jest-runner\build\runTest.js:389:16)
    at runTest (D:\Cognizant\Projet_Miam\miam\frontend\node_modules\jest-runner\build\runTest.js:481:34)
    at Object.worker (D:\Cognizant\Projet_Miam\miam\frontend\node_modules\jest-runner\build\testWorker.js:133:12)]]></failure>
    </testCase>
  </file>
  <file path="D:\Cognizant\Projet_Miam\miam\frontend\src\app\pipes\decode-error-message.pipe.spec.ts">
    <testCase name="DecodeErrorMessagePipe create an instance" duration="2"/>
  </file>
  <file path="D:\Cognizant\Projet_Miam\miam\frontend\src\app\recipe\detailed-recipe\detailed-recipe.component.spec.ts">
  </file>
  <file path="D:\Cognizant\Projet_Miam\miam\frontend\src\app\recipe\recipe-form\recipe-form.component.spec.ts">
  </file>
  <file path="D:\Cognizant\Projet_Miam\miam\frontend\src\app\recipe\list-recipes\list-recipes.component.spec.ts">
  </file>
  <file path="D:\Cognizant\Projet_Miam\miam\frontend\src\app\ingredient\listing-ingredients\listing-ingredients.component.spec.ts">
  </file>
  <file path="D:\Cognizant\Projet_Miam\miam\frontend\src\app\layout\app-header\app-header.component.spec.ts">
    <testCase name="AppHeaderComponent should create" duration="2">
      <failure message="Error: zone-testing.js is needed for the fakeAsync() test helper but could not be found."><![CDATA[Error: zone-testing.js is needed for the fakeAsync() test helper but could not be found.
        Please make sure that your environment includes zone.js/testing
    at resetFakeAsyncZone (D:\Cognizant\Projet_Miam\miam\packages\core\testing\src\fake_async.ts:25:9)
    at Object.<anonymous> (D:\Cognizant\Projet_Miam\miam\packages\core\testing\src\test_hooks.ts:39:7)
    at Promise.then.completed (D:\Cognizant\Projet_Miam\miam\frontend\node_modules\jest-circus\build\utils.js:390:28)
    at new Promise (<anonymous>)
    at callAsyncCircusFn (D:\Cognizant\Projet_Miam\miam\frontend\node_modules\jest-circus\build\utils.js:315:10)
    at _callCircusHook (D:\Cognizant\Projet_Miam\miam\frontend\node_modules\jest-circus\build\run.js:181:40)
    at processTicksAndRejections (internal/process/task_queues.js:97:5)
    at _runTest (D:\Cognizant\Projet_Miam\miam\frontend\node_modules\jest-circus\build\run.js:148:5)
    at _runTestsForDescribeBlock (D:\Cognizant\Projet_Miam\miam\frontend\node_modules\jest-circus\build\run.js:66:9)
    at _runTestsForDescribeBlock (D:\Cognizant\Projet_Miam\miam\frontend\node_modules\jest-circus\build\run.js:60:9)
    at run (D:\Cognizant\Projet_Miam\miam\frontend\node_modules\jest-circus\build\run.js:25:3)
    at runAndTransformResultsToJestFormat (D:\Cognizant\Projet_Miam\miam\frontend\node_modules\jest-circus\build\legacy-code-todo-rewrite\jestAdapterInit.js:166:21)
    at jestAdapter (D:\Cognizant\Projet_Miam\miam\frontend\node_modules\jest-circus\build\legacy-code-todo-rewrite\jestAdapter.js:82:19)
    at runTestInternal (D:\Cognizant\Projet_Miam\miam\frontend\node_modules\jest-runner\build\runTest.js:389:16)
    at runTest (D:\Cognizant\Projet_Miam\miam\frontend\node_modules\jest-runner\build\runTest.js:481:34)
    at Object.worker (D:\Cognizant\Projet_Miam\miam\frontend\node_modules\jest-runner\build\testWorker.js:133:12)]]></failure>
    </testCase>
  </file>
  <file path="D:\Cognizant\Projet_Miam\miam\frontend\src\app\views\home\home.component.spec.ts">
    <testCase name="HomePageComponent should create" duration="1">
      <failure message="Error: zone-testing.js is needed for the fakeAsync() test helper but could not be found."><![CDATA[Error: zone-testing.js is needed for the fakeAsync() test helper but could not be found.
        Please make sure that your environment includes zone.js/testing
    at resetFakeAsyncZone (D:\Cognizant\Projet_Miam\miam\packages\core\testing\src\fake_async.ts:25:9)
    at Object.<anonymous> (D:\Cognizant\Projet_Miam\miam\packages\core\testing\src\test_hooks.ts:39:7)
    at Promise.then.completed (D:\Cognizant\Projet_Miam\miam\frontend\node_modules\jest-circus\build\utils.js:390:28)
    at new Promise (<anonymous>)
    at callAsyncCircusFn (D:\Cognizant\Projet_Miam\miam\frontend\node_modules\jest-circus\build\utils.js:315:10)
    at _callCircusHook (D:\Cognizant\Projet_Miam\miam\frontend\node_modules\jest-circus\build\run.js:181:40)
    at processTicksAndRejections (internal/process/task_queues.js:97:5)
    at _runTest (D:\Cognizant\Projet_Miam\miam\frontend\node_modules\jest-circus\build\run.js:148:5)
    at _runTestsForDescribeBlock (D:\Cognizant\Projet_Miam\miam\frontend\node_modules\jest-circus\build\run.js:66:9)
    at _runTestsForDescribeBlock (D:\Cognizant\Projet_Miam\miam\frontend\node_modules\jest-circus\build\run.js:60:9)
    at run (D:\Cognizant\Projet_Miam\miam\frontend\node_modules\jest-circus\build\run.js:25:3)
    at runAndTransformResultsToJestFormat (D:\Cognizant\Projet_Miam\miam\frontend\node_modules\jest-circus\build\legacy-code-todo-rewrite\jestAdapterInit.js:166:21)
    at jestAdapter (D:\Cognizant\Projet_Miam\miam\frontend\node_modules\jest-circus\build\legacy-code-todo-rewrite\jestAdapter.js:82:19)
    at runTestInternal (D:\Cognizant\Projet_Miam\miam\frontend\node_modules\jest-runner\build\runTest.js:389:16)
    at runTest (D:\Cognizant\Projet_Miam\miam\frontend\node_modules\jest-runner\build\runTest.js:481:34)
    at Object.worker (D:\Cognizant\Projet_Miam\miam\frontend\node_modules\jest-runner\build\testWorker.js:133:12)]]></failure>
    </testCase>
  </file>
  <file path="D:\Cognizant\Projet_Miam\miam\frontend\src\app\views\maintenance\maintenance.component.spec.ts">
    <testCase name="MaintenanceComponent should create" duration="2">
      <failure message="Error: zone-testing.js is needed for the fakeAsync() test helper but could not be found."><![CDATA[Error: zone-testing.js is needed for the fakeAsync() test helper but could not be found.
        Please make sure that your environment includes zone.js/testing
    at resetFakeAsyncZone (D:\Cognizant\Projet_Miam\miam\packages\core\testing\src\fake_async.ts:25:9)
    at Object.<anonymous> (D:\Cognizant\Projet_Miam\miam\packages\core\testing\src\test_hooks.ts:39:7)
    at Promise.then.completed (D:\Cognizant\Projet_Miam\miam\frontend\node_modules\jest-circus\build\utils.js:390:28)
    at new Promise (<anonymous>)
    at callAsyncCircusFn (D:\Cognizant\Projet_Miam\miam\frontend\node_modules\jest-circus\build\utils.js:315:10)
    at _callCircusHook (D:\Cognizant\Projet_Miam\miam\frontend\node_modules\jest-circus\build\run.js:181:40)
    at processTicksAndRejections (internal/process/task_queues.js:97:5)
    at _runTest (D:\Cognizant\Projet_Miam\miam\frontend\node_modules\jest-circus\build\run.js:148:5)
    at _runTestsForDescribeBlock (D:\Cognizant\Projet_Miam\miam\frontend\node_modules\jest-circus\build\run.js:66:9)
    at _runTestsForDescribeBlock (D:\Cognizant\Projet_Miam\miam\frontend\node_modules\jest-circus\build\run.js:60:9)
    at run (D:\Cognizant\Projet_Miam\miam\frontend\node_modules\jest-circus\build\run.js:25:3)
    at runAndTransformResultsToJestFormat (D:\Cognizant\Projet_Miam\miam\frontend\node_modules\jest-circus\build\legacy-code-todo-rewrite\jestAdapterInit.js:166:21)
    at jestAdapter (D:\Cognizant\Projet_Miam\miam\frontend\node_modules\jest-circus\build\legacy-code-todo-rewrite\jestAdapter.js:82:19)
    at runTestInternal (D:\Cognizant\Projet_Miam\miam\frontend\node_modules\jest-runner\build\runTest.js:389:16)
    at runTest (D:\Cognizant\Projet_Miam\miam\frontend\node_modules\jest-runner\build\runTest.js:481:34)
    at Object.worker (D:\Cognizant\Projet_Miam\miam\frontend\node_modules\jest-runner\build\testWorker.js:133:12)]]></failure>
    </testCase>
  </file>
  <file path="D:\Cognizant\Projet_Miam\miam\frontend\src\app\layout\app-footer\app-footer.component.spec.ts">
    <testCase name="AppFooterComponent should create" duration="2">
      <failure message="Error: zone-testing.js is needed for the fakeAsync() test helper but could not be found."><![CDATA[Error: zone-testing.js is needed for the fakeAsync() test helper but could not be found.
        Please make sure that your environment includes zone.js/testing
    at resetFakeAsyncZone (D:\Cognizant\Projet_Miam\miam\packages\core\testing\src\fake_async.ts:25:9)
    at Object.<anonymous> (D:\Cognizant\Projet_Miam\miam\packages\core\testing\src\test_hooks.ts:39:7)
    at Promise.then.completed (D:\Cognizant\Projet_Miam\miam\frontend\node_modules\jest-circus\build\utils.js:390:28)
    at new Promise (<anonymous>)
    at callAsyncCircusFn (D:\Cognizant\Projet_Miam\miam\frontend\node_modules\jest-circus\build\utils.js:315:10)
    at _callCircusHook (D:\Cognizant\Projet_Miam\miam\frontend\node_modules\jest-circus\build\run.js:181:40)
    at processTicksAndRejections (internal/process/task_queues.js:97:5)
    at _runTest (D:\Cognizant\Projet_Miam\miam\frontend\node_modules\jest-circus\build\run.js:148:5)
    at _runTestsForDescribeBlock (D:\Cognizant\Projet_Miam\miam\frontend\node_modules\jest-circus\build\run.js:66:9)
    at _runTestsForDescribeBlock (D:\Cognizant\Projet_Miam\miam\frontend\node_modules\jest-circus\build\run.js:60:9)
    at run (D:\Cognizant\Projet_Miam\miam\frontend\node_modules\jest-circus\build\run.js:25:3)
    at runAndTransformResultsToJestFormat (D:\Cognizant\Projet_Miam\miam\frontend\node_modules\jest-circus\build\legacy-code-todo-rewrite\jestAdapterInit.js:166:21)
    at jestAdapter (D:\Cognizant\Projet_Miam\miam\frontend\node_modules\jest-circus\build\legacy-code-todo-rewrite\jestAdapter.js:82:19)
    at runTestInternal (D:\Cognizant\Projet_Miam\miam\frontend\node_modules\jest-runner\build\runTest.js:389:16)
    at runTest (D:\Cognizant\Projet_Miam\miam\frontend\node_modules\jest-runner\build\runTest.js:481:34)
    at Object.worker (D:\Cognizant\Projet_Miam\miam\frontend\node_modules\jest-runner\build\testWorker.js:133:12)]]></failure>
    </testCase>
  </file>
  <file path="D:\Cognizant\Projet_Miam\miam\frontend\src\app\layout\page-container\page-container.component.spec.ts">
    <testCase name="PageContainerComponent should create" duration="2">
      <failure message="Error: zone-testing.js is needed for the fakeAsync() test helper but could not be found."><![CDATA[Error: zone-testing.js is needed for the fakeAsync() test helper but could not be found.
        Please make sure that your environment includes zone.js/testing
    at resetFakeAsyncZone (D:\Cognizant\Projet_Miam\miam\packages\core\testing\src\fake_async.ts:25:9)
    at Object.<anonymous> (D:\Cognizant\Projet_Miam\miam\packages\core\testing\src\test_hooks.ts:39:7)
    at Promise.then.completed (D:\Cognizant\Projet_Miam\miam\frontend\node_modules\jest-circus\build\utils.js:390:28)
    at new Promise (<anonymous>)
    at callAsyncCircusFn (D:\Cognizant\Projet_Miam\miam\frontend\node_modules\jest-circus\build\utils.js:315:10)
    at _callCircusHook (D:\Cognizant\Projet_Miam\miam\frontend\node_modules\jest-circus\build\run.js:181:40)
    at processTicksAndRejections (internal/process/task_queues.js:97:5)
    at _runTest (D:\Cognizant\Projet_Miam\miam\frontend\node_modules\jest-circus\build\run.js:148:5)
    at _runTestsForDescribeBlock (D:\Cognizant\Projet_Miam\miam\frontend\node_modules\jest-circus\build\run.js:66:9)
    at _runTestsForDescribeBlock (D:\Cognizant\Projet_Miam\miam\frontend\node_modules\jest-circus\build\run.js:60:9)
    at run (D:\Cognizant\Projet_Miam\miam\frontend\node_modules\jest-circus\build\run.js:25:3)
    at runAndTransformResultsToJestFormat (D:\Cognizant\Projet_Miam\miam\frontend\node_modules\jest-circus\build\legacy-code-todo-rewrite\jestAdapterInit.js:166:21)
    at jestAdapter (D:\Cognizant\Projet_Miam\miam\frontend\node_modules\jest-circus\build\legacy-code-todo-rewrite\jestAdapter.js:82:19)
    at runTestInternal (D:\Cognizant\Projet_Miam\miam\frontend\node_modules\jest-runner\build\runTest.js:389:16)
    at runTest (D:\Cognizant\Projet_Miam\miam\frontend\node_modules\jest-runner\build\runTest.js:481:34)
    at Object.worker (D:\Cognizant\Projet_Miam\miam\frontend\node_modules\jest-runner\build\testWorker.js:133:12)]]></failure>
    </testCase>
  </file>
  <file path="D:\Cognizant\Projet_Miam\miam\frontend\src\app\views\about\about.component.spec.ts">
    <testCase name="AboutComponent should create" duration="1">
      <failure message="Error: zone-testing.js is needed for the fakeAsync() test helper but could not be found."><![CDATA[Error: zone-testing.js is needed for the fakeAsync() test helper but could not be found.
        Please make sure that your environment includes zone.js/testing
    at resetFakeAsyncZone (D:\Cognizant\Projet_Miam\miam\packages\core\testing\src\fake_async.ts:25:9)
    at Object.<anonymous> (D:\Cognizant\Projet_Miam\miam\packages\core\testing\src\test_hooks.ts:39:7)
    at Promise.then.completed (D:\Cognizant\Projet_Miam\miam\frontend\node_modules\jest-circus\build\utils.js:390:28)
    at new Promise (<anonymous>)
    at callAsyncCircusFn (D:\Cognizant\Projet_Miam\miam\frontend\node_modules\jest-circus\build\utils.js:315:10)
    at _callCircusHook (D:\Cognizant\Projet_Miam\miam\frontend\node_modules\jest-circus\build\run.js:181:40)
    at processTicksAndRejections (internal/process/task_queues.js:97:5)
    at _runTest (D:\Cognizant\Projet_Miam\miam\frontend\node_modules\jest-circus\build\run.js:148:5)
    at _runTestsForDescribeBlock (D:\Cognizant\Projet_Miam\miam\frontend\node_modules\jest-circus\build\run.js:66:9)
    at _runTestsForDescribeBlock (D:\Cognizant\Projet_Miam\miam\frontend\node_modules\jest-circus\build\run.js:60:9)
    at run (D:\Cognizant\Projet_Miam\miam\frontend\node_modules\jest-circus\build\run.js:25:3)
    at runAndTransformResultsToJestFormat (D:\Cognizant\Projet_Miam\miam\frontend\node_modules\jest-circus\build\legacy-code-todo-rewrite\jestAdapterInit.js:166:21)
    at jestAdapter (D:\Cognizant\Projet_Miam\miam\frontend\node_modules\jest-circus\build\legacy-code-todo-rewrite\jestAdapter.js:82:19)
    at runTestInternal (D:\Cognizant\Projet_Miam\miam\frontend\node_modules\jest-runner\build\runTest.js:389:16)
    at runTest (D:\Cognizant\Projet_Miam\miam\frontend\node_modules\jest-runner\build\runTest.js:481:34)
    at Object.worker (D:\Cognizant\Projet_Miam\miam\frontend\node_modules\jest-runner\build\testWorker.js:133:12)]]></failure>
    </testCase>
  </file>
  <file path="D:\Cognizant\Projet_Miam\miam\frontend\src\app\ingredient\ingredient-form\ingredient-form.component.spec.ts">
  </file>
</testExecutions>